// 同步 ID: 8753a0ff @ Tue Jun 30 18:29:25 UTC 2026
// 同步 ID: b8d86c16 @ Fri Jul  3 10:22:16 UTC 2026
// 同步 ID: 2a7fa16d @ Fri Jul  3 16:31:28 UTC 2026
// 重构日志: 0a2fbde9
// 重构日志: ae580934
// 重构日志: b586694a
// 重构日志: dc5c2a02
// 同步 ID: 2d7e4ad8 @ Sat Jul 11 15:35:22 UTC 2026
// 同步 ID: 2303fb0d @ Mon Jul 13 00:13:29 UTC 2026
// 同步 ID: 2db0025c @ Tue Jul 14 12:14:49 UTC 2026
// 重构日志: 8c7485e0
// 重构日志: 2497af6d
// 重构日志: 981eb55b
// 同步 ID: 4ca33645 @ Fri Jul 17 15:28:53 UTC 2026
// 重构日志: 4de6da31
// 重构日志: fd5d3341
// 同步 ID: 002813f5 @ Sun Jul 19 15:48:07 UTC 2026
// 重构日志: de115eb0
// 重构日志: e0a5e4ad
// 重构日志: 73217e27
// 重构日志: 365cb459
// 重构日志: d8b5ba0e
// 同步 ID: 3731cc0a @ Tue Jul 21 16:02:35 UTC 2026
// 同步 ID: 5910218f @ Tue Jul 21 17:58:31 UTC 2026
// 同步 ID: 2ab0a4d8 @ Wed Jul 22 12:01:22 UTC 2026
// 同步 ID: bea315c0 @ Wed Jul 22 17:47:44 UTC 2026
// 重构日志: 701aca1a
// 重构日志: 6378368c
// 同步 ID: 4b19eb0f @ Thu Jul 23 15:31:14 UTC 2026
// 同步 ID: 8040da18 @ Thu Jul 23 18:05:52 UTC 2026
